mode: set
github.com/jonasbjork/guestbook-app/main.go:31.13,46.16 10 0
github.com/jonasbjork/guestbook-app/main.go:46.16,48.3 1 0
github.com/jonasbjork/guestbook-app/main.go:49.2,52.26 2 0
github.com/jonasbjork/guestbook-app/main.go:52.26,54.17 2 0
github.com/jonasbjork/guestbook-app/main.go:54.17,55.9 1 0
github.com/jonasbjork/guestbook-app/main.go:57.3,58.30 2 0
github.com/jonasbjork/guestbook-app/main.go:61.2,61.16 1 0
github.com/jonasbjork/guestbook-app/main.go:61.16,63.3 1 0
github.com/jonasbjork/guestbook-app/main.go:65.2,82.16 8 0
github.com/jonasbjork/guestbook-app/main.go:82.16,84.3 1 0
github.com/jonasbjork/guestbook-app/main.go:84.8,86.3 1 0
github.com/jonasbjork/guestbook-app/main.go:89.2,102.45 9 0
github.com/jonasbjork/guestbook-app/main.go:105.26,115.16 3 0
github.com/jonasbjork/guestbook-app/main.go:115.16,117.3 1 0
github.com/jonasbjork/guestbook-app/main.go:118.2,118.41 1 0
github.com/jonasbjork/guestbook-app/main.go:121.71,127.38 2 1
github.com/jonasbjork/guestbook-app/main.go:127.38,130.3 2 1
github.com/jonasbjork/guestbook-app/main.go:130.8,132.3 1 1
github.com/jonasbjork/guestbook-app/main.go:134.2,134.60 1 1
github.com/jonasbjork/guestbook-app/main.go:134.60,136.3 1 1
github.com/jonasbjork/guestbook-app/main.go:136.8,138.3 1 1
github.com/jonasbjork/guestbook-app/main.go:140.2,140.35 1 1
github.com/jonasbjork/guestbook-app/main.go:143.75,146.22 2 1
github.com/jonasbjork/guestbook-app/main.go:146.22,148.17 2 1
github.com/jonasbjork/guestbook-app/main.go:148.17,154.4 5 1
github.com/jonasbjork/guestbook-app/main.go:158.2,164.16 2 1
github.com/jonasbjork/guestbook-app/main.go:164.16,167.3 2 0
github.com/jonasbjork/guestbook-app/main.go:168.2,171.18 3 1
github.com/jonasbjork/guestbook-app/main.go:171.18,173.77 2 1
github.com/jonasbjork/guestbook-app/main.go:173.77,174.12 1 0
github.com/jonasbjork/guestbook-app/main.go:176.3,176.31 1 1
github.com/jonasbjork/guestbook-app/main.go:180.2,180.22 1 1
github.com/jonasbjork/guestbook-app/main.go:180.22,183.3 2 1
github.com/jonasbjork/guestbook-app/main.go:185.2,187.36 3 1
github.com/jonasbjork/guestbook-app/main.go:190.76,192.63 2 1
github.com/jonasbjork/guestbook-app/main.go:192.63,195.3 2 1
github.com/jonasbjork/guestbook-app/main.go:198.2,198.45 1 1
github.com/jonasbjork/guestbook-app/main.go:198.45,201.3 2 1
github.com/jonasbjork/guestbook-app/main.go:204.2,210.16 2 1
github.com/jonasbjork/guestbook-app/main.go:210.16,213.3 2 0
github.com/jonasbjork/guestbook-app/main.go:216.2,216.22 1 1
github.com/jonasbjork/guestbook-app/main.go:216.22,220.3 2 1
github.com/jonasbjork/guestbook-app/main.go:222.2,224.34 3 1
github.com/jonasbjork/guestbook-app/main.go:227.70,236.22 5 1
github.com/jonasbjork/guestbook-app/main.go:236.22,242.17 4 1
github.com/jonasbjork/guestbook-app/main.go:242.17,244.4 1 1
github.com/jonasbjork/guestbook-app/main.go:247.2,248.34 2 1
github.com/jonasbjork/guestbook-app/main.go:251.53,252.71 1 1
github.com/jonasbjork/guestbook-app/main.go:252.71,257.28 4 1
github.com/jonasbjork/guestbook-app/main.go:257.28,260.4 2 1
github.com/jonasbjork/guestbook-app/main.go:262.3,262.23 1 1
github.com/jonasbjork/guestbook-app/main.go:266.46,267.42 1 1
github.com/jonasbjork/guestbook-app/main.go:267.42,269.3 1 1
github.com/jonasbjork/guestbook-app/main.go:270.2,270.21 1 1
